<?xml version="1.0" encoding="UTF-8" ?>
<testsuite failures="0" time="0.032" errors="0" skipped="0" tests="1" name="uk.friendslife.autoenrolment.autoenrolmentwebmodel.AppTest">
  <properties>
    <property name="java.runtime.name" value="Java(TM) SE Runtime Environment"/>
    <property name="sun.boot.library.path" value="C:\Program Files\Java\jdk1.6.0_16\jre\bin"/>
    <property name="java.vm.version" value="14.2-b01"/>
    <property name="java.vm.vendor" value="Sun Microsystems Inc."/>
    <property name="java.vendor.url" value="http://java.sun.com/"/>
    <property name="path.separator" value=";"/>
    <property name="java.vm.name" value="Java HotSpot(TM) Client VM"/>
    <property name="file.encoding.pkg" value="sun.io"/>
    <property name="user.country" value="GB"/>
    <property name="sun.java.launcher" value="SUN_STANDARD"/>
    <property name="sun.os.patch.level" value=""/>
    <property name="java.vm.specification.name" value="Java Virtual Machine Specification"/>
    <property name="user.dir" value="C:\ram\workspace\java\autoenrolment\autoenrolmentwebmodel"/>
    <property name="java.runtime.version" value="1.6.0_16-b01"/>
    <property name="java.awt.graphicsenv" value="sun.awt.Win32GraphicsEnvironment"/>
    <property name="basedir" value="C:\ram\workspace\java\autoenrolment\autoenrolmentwebmodel"/>
    <property name="java.endorsed.dirs" value="C:\Program Files\Java\jdk1.6.0_16\jre\lib\endorsed"/>
    <property name="os.arch" value="x86"/>
    <property name="surefire.real.class.path" value="C:\ram\workspace\java\autoenrolment\autoenrolmentwebmodel\target\surefire\surefirebooter9051161533210042446.jar"/>
    <property name="java.io.tmpdir" value="C:\Users\Ram\AppData\Local\Temp\"/>
    <property name="line.separator" value="
"/>
    <property name="java.vm.specification.vendor" value="Sun Microsystems Inc."/>
    <property name="user.variant" value=""/>
    <property name="os.name" value="Windows Vista"/>
    <property name="sun.jnu.encoding" value="Cp1252"/>
    <property name="java.library.path" value="C:\Program Files\Java\jdk1.6.0_16\jre\bin;.;C:\Windows\Sun\Java\bin;C:\Windows\system32;C:\Windows;C:/Program Files/Java/jdk1.6.0_16/bin/../jre/bin/client;C:/Program Files/Java/jdk1.6.0_16/bin/../jre/bin;C:/Program Files/Java/jdk1.6.0_16/bin/../jre/lib/i386;C:\Program Files\PC Connectivity Solution\;C:\oraclexe\app\oracle\product\10.2.0\server\bin;C:\Program Files\Java\jdk1.6.0_16\bin;C:\bea\jdk150_06\bin;C:\Sun\lib;C:\Sun\SDK\jdk\bin;C:\Windows\system32;C:\Windows;C:\Windows\System32\Wbem;C:\Sun\jdk\bin;C:\Windows\Microsoft.NET\Framework\v2.0.50727;C:\Ram Singh\ssh server\SSH Tectia AUX;C:\Ram Singh\ssh server\SSH Tectia AUX/Support binaries;C:\Ram Singh\ssh client\SSH Tectia AUX;C:\Ram Singh\ssh client\SSH Tectia AUX/Support binaries;C:\Ram Singh\ssh client\SSH Tectia Broker;C:\Ram Singh\ssh client\SSH Tectia Client;C:\Users\Ram\Downloads;C:\lcc\bin;C:\Windows\System32\WindowsPowerShell\v1.0\;c:\Program Files\Microsoft SQL Server\100\Tools\Binn\VSShell\Common7\IDE\;c:\Program Files\Microsoft SQL Server\100\Tools\Binn\;c:\Program Files\Microsoft SQL Server\100\DTS\Binn\;C:\Program Files\Common Files\DivX Shared\;C:\RamSingh\software\svn-win32-1.5.6\svn-win32-1.5.6\bin;C:\RamSingh\software\Apache2.2\bin;C:\RamSingh\software\tortoisesvn\bin;C:\Sun\AppServer\bin;C:\Ruby186\bin;C:\Program Files\Java\jdk1.6.0_16\bin;C:\Program Files\Microsoft Visual Studio\Common\Tools;C:\Program Files\Microsoft Visual Studio\VC98\bin;;C:\un\lib;C:\Sun\SDK\jdk\bin;;;C:\lcc\bin;C:\RamSingh\software\svn-win32-1.5.6\svn-win32-1.5.6\bin;C:\RamSingh\software\Apache2.2\bin;C:\Program Files\Java\jdk1.6.0_16\bin;C:\ram\software\springsource-tool-suite-2.8.0.RELEASE-e3.7.1-win32\springsource\sts-2.8.0.RELEASE;"/>
    <property name="surefire.test.class.path" value="C:\ram\workspace\java\autoenrolment\autoenrolmentwebmodel\target\test-classes;C:\ram\workspace\java\autoenrolment\autoenrolmentwebmodel\target\classes;C:\ram\m2\repository\junit\junit\3.8.1\junit-3.8.1.jar;"/>
    <property name="java.specification.name" value="Java Platform API Specification"/>
    <property name="java.class.version" value="50.0"/>
    <property name="sun.management.compiler" value="HotSpot Client Compiler"/>
    <property name="os.version" value="6.0"/>
    <property name="user.home" value="C:\Users\Ram"/>
    <property name="user.timezone" value=""/>
    <property name="java.awt.printerjob" value="sun.awt.windows.WPrinterJob"/>
    <property name="java.specification.version" value="1.6"/>
    <property name="file.encoding" value="Cp1252"/>
    <property name="user.name" value="Ram"/>
    <property name="java.class.path" value="C:\ram\workspace\java\autoenrolment\autoenrolmentwebmodel\target\test-classes;C:\ram\workspace\java\autoenrolment\autoenrolmentwebmodel\target\classes;C:\ram\m2\repository\junit\junit\3.8.1\junit-3.8.1.jar;"/>
    <property name="java.vm.specification.version" value="1.0"/>
    <property name="sun.arch.data.model" value="32"/>
    <property name="java.home" value="C:\Program Files\Java\jdk1.6.0_16\jre"/>
    <property name="java.specification.vendor" value="Sun Microsystems Inc."/>
    <property name="user.language" value="en"/>
    <property name="awt.toolkit" value="sun.awt.windows.WToolkit"/>
    <property name="java.vm.info" value="mixed mode"/>
    <property name="java.version" value="1.6.0_16"/>
    <property name="java.ext.dirs" value="C:\Program Files\Java\jdk1.6.0_16\jre\lib\ext;C:\Windows\Sun\Java\lib\ext"/>
    <property name="sun.boot.class.path" value="C:\Program Files\Java\jdk1.6.0_16\jre\lib\resources.jar;C:\Program Files\Java\jdk1.6.0_16\jre\lib\rt.jar;C:\Program Files\Java\jdk1.6.0_16\jre\lib\sunrsasign.jar;C:\Program Files\Java\jdk1.6.0_16\jre\lib\jsse.jar;C:\Program Files\Java\jdk1.6.0_16\jre\lib\jce.jar;C:\Program Files\Java\jdk1.6.0_16\jre\lib\charsets.jar;C:\Program Files\Java\jdk1.6.0_16\jre\classes"/>
    <property name="java.vendor" value="Sun Microsystems Inc."/>
    <property name="localRepository" value="C:\ram\m2\repository"/>
    <property name="file.separator" value="\"/>
    <property name="java.vendor.url.bug" value="http://java.sun.com/cgi-bin/bugreport.cgi"/>
    <property name="sun.cpu.endian" value="little"/>
    <property name="sun.io.unicode.encoding" value="UnicodeLittle"/>
    <property name="sun.desktop" value="windows"/>
    <property name="sun.cpu.isalist" value="pentium_pro+mmx pentium_pro pentium+mmx pentium i486 i386 i86"/>
  </properties>
  <testcase time="0" classname="uk.friendslife.autoenrolment.autoenrolmentwebmodel.AppTest" name="testApp"/>
</testsuite>